2021-05-02 18:38:41,449 - src.utils - INFO - Loading and Processing data...
2021-05-02 18:38:47,442 - src.utils - INFO - Calculating class weights
2021-05-02 18:38:47,446 - src.utils - INFO - Training model...
2021-05-02 18:38:47,979 - src.utils - INFO - Training f1 score is:0.7677752371591335
2021-05-02 18:38:47,979 - src.utils - INFO - Cross validating model with cv = 5
2021-05-02 18:38:51,351 - src.utils - INFO - Mean Cross validation f1 score is:0.7451607874954906
2021-05-02 18:38:51,352 - src.utils - INFO - List of cross val f1 score is:[0.75708745 0.72718214 0.73701329 0.7529036  0.75161745]
2021-05-02 18:38:51,353 - src.utils - INFO - Saving model...
2021-05-06 16:06:27,991 - src.utils - INFO - Loading data...
2021-05-06 16:06:28,800 - src.utils - INFO - Splitting data into training and testing set.
2021-05-06 16:06:29,035 - src.utils - INFO - Saving splitted data...
2021-05-06 16:09:00,666 - src.utils - INFO - Loading and Processing data...
2021-05-06 16:14:10,393 - src.utils - INFO - Loading and Processing data...
2021-05-06 16:14:19,704 - src.utils - INFO - Calculating class weights
2021-05-06 16:14:19,718 - src.utils - INFO - Training model...
2021-05-06 16:14:21,009 - src.utils - INFO - Training f1 score is:0.7677752371591335
2021-05-06 16:14:21,010 - src.utils - INFO - Cross validating model with cv = 5
2021-05-06 16:14:25,951 - src.utils - INFO - Mean Cross validation f1 score is:0.7451607874954906
2021-05-06 16:14:25,953 - src.utils - INFO - List of cross val f1 score is:[0.75708745 0.72718214 0.73701329 0.7529036  0.75161745]
2021-05-06 16:14:25,953 - src.utils - INFO - Saving model...
2021-05-06 23:39:02,193 - src.utils - INFO - Loading data...
2021-05-06 23:39:02,782 - src.utils - INFO - Splitting data into training and testing set.
2021-05-06 23:39:02,943 - src.utils - INFO - Saving splitted data...
2021-05-06 23:44:26,756 - src.utils - INFO - Loading and Processing data...
2021-05-06 23:44:36,285 - src.utils - INFO - Calculating class weights
2021-05-06 23:44:36,295 - src.utils - INFO - Training model...
2021-05-06 23:44:37,832 - src.utils - INFO - Training f1 score is:0.7677752371591335
2021-05-06 23:44:37,832 - src.utils - INFO - Cross validating model with cv = 5
2021-05-06 23:44:42,747 - src.utils - INFO - Mean Cross validation f1 score is:0.7451607874954906
2021-05-06 23:44:42,749 - src.utils - INFO - List of cross val f1 score is:[0.75708745 0.72718214 0.73701329 0.7529036  0.75161745]
2021-05-06 23:44:42,750 - src.utils - INFO - Saving model...
2021-05-07 15:51:21,247 - src.utils - INFO - Loading data...
2021-05-07 15:51:21,677 - src.utils - INFO - Splitting data into training and testing set.
2021-05-07 15:51:21,719 - src.utils - INFO - Saving splitted data...
2021-05-07 15:52:47,637 - src.utils - INFO - Loading and Processing data...
2021-05-07 15:52:54,410 - src.utils - INFO - Calculating class weights
2021-05-07 15:52:54,413 - src.utils - INFO - Training model...
2021-05-07 15:52:54,967 - src.utils - INFO - Training f1 score is:0.7677752371591335
2021-05-07 15:52:54,968 - src.utils - INFO - Cross validating model with cv = 5
2021-05-07 15:52:57,763 - src.utils - INFO - Mean Cross validation f1 score is:0.7451607874954906
2021-05-07 15:52:57,764 - src.utils - INFO - List of cross val f1 score is:[0.75708745 0.72718214 0.73701329 0.7529036  0.75161745]
2021-05-07 15:52:57,764 - src.utils - INFO - Saving model...
2021-09-28 15:46:48,785 - src.utils - INFO - Loading data...
2021-09-28 15:46:48,828 - src.utils - INFO - Splitting data into training and testing set.
2021-09-28 15:46:48,840 - src.utils - INFO - Saving splitted data...
2021-09-28 15:47:12,069 - src.utils - INFO - Loading and Processing data...
2021-09-28 15:50:36,045 - src.utils - INFO - Loading and Processing data...
2021-09-28 15:52:09,138 - src.utils - INFO - Loading and Processing data...
2021-09-28 15:53:28,164 - src.utils - INFO - Loading and Processing data...
2021-09-28 16:00:00,020 - src.utils - INFO - Loading and Processing data...
2021-09-29 09:59:44,262 - src.utils - INFO - Loading data...
2021-09-29 09:59:44,317 - src.utils - INFO - Splitting data into training and testing set.
2021-09-29 09:59:44,330 - src.utils - INFO - Saving splitted data...
2021-09-29 10:00:32,481 - src.utils - INFO - Loading data...
2021-09-29 10:00:32,528 - src.utils - INFO - Splitting data into training and testing set.
2021-09-29 10:00:32,540 - src.utils - INFO - Saving splitted data...
2021-09-29 10:00:45,911 - src.utils - INFO - Loading data...
2021-09-29 10:00:45,968 - src.utils - INFO - Splitting data into training and testing set.
2021-09-29 10:00:45,990 - src.utils - INFO - Saving splitted data...
2021-09-29 10:00:59,644 - src.utils - INFO - Loading data...
2021-09-29 10:00:59,691 - src.utils - INFO - Splitting data into training and testing set.
2021-09-29 10:00:59,706 - src.utils - INFO - Saving splitted data...
2021-09-30 20:42:35,330 - src.utils - INFO - Loading data...
2021-09-30 20:42:35,383 - src.utils - INFO - Splitting data into training and testing set.
2021-09-30 20:42:35,402 - src.utils - INFO - Saving splitted data...
2021-09-30 20:42:47,210 - src.utils - INFO - Loading data...
2021-09-30 20:42:47,257 - src.utils - INFO - Splitting data into training and testing set.
2021-09-30 20:42:47,270 - src.utils - INFO - Saving splitted data...
2021-10-01 14:42:24,945 - src.utils - INFO - Loading data...
2021-10-01 14:42:24,997 - src.utils - INFO - Splitting data into training and testing set.
2021-10-01 14:42:25,012 - src.utils - INFO - Saving splitted data...
2021-10-01 14:43:06,817 - src.utils - INFO - Loading data...
2021-10-01 14:43:06,864 - src.utils - INFO - Splitting data into training and testing set.
2021-10-01 14:43:06,878 - src.utils - INFO - Saving splitted data...
2021-10-01 14:43:15,401 - src.utils - INFO - Loading and Processing data...
